<?xml version="1.0" encoding="UTF-8"?>
<testng-results skipped="5" failed="0" total="5" passed="0">
  <reporter-output>
  </reporter-output>
  <suite name="Registration Regression" duration-ms="7177" started-at="2018-09-28T08:54:58Z" finished-at="2018-09-28T08:55:05Z">
    <groups>
    </groups>
    <test name="Registration Tests_ chrome" duration-ms="7177" started-at="2018-09-28T08:54:58Z" finished-at="2018-09-28T08:55:05Z">
      <class name="com.generic.tests.Registration.RegistrationBase">
        <test-method status="PASS" signature="excelSheetReader()[pri:0, instance:com.generic.tests.Registration.RegistrationBase@6f1fba17]" name="excelSheetReader" is-config="true" duration-ms="1497" started-at="2018-09-28T11:54:57Z" finished-at="2018-09-28T11:54:58Z">
          <reporter-output>
          </reporter-output>
        </test-method> <!-- excelSheetReader -->
        <test-method status="PASS" signature="initialSetUp(org.testng.xml.XmlTest)[pri:0, instance:com.generic.tests.Registration.RegistrationBase@6f1fba17]" name="initialSetUp" is-config="true" duration-ms="2" started-at="2018-09-28T11:54:58Z" finished-at="2018-09-28T11:54:58Z">
          <params>
            <param index="0">
              <value>
                <![CDATA[[Test: "Registration Tests_ chrome" verbose:1[parameters:browserName=>chrome][metagroups:] [included: ][excluded: ]  classes:[XmlClass class=com.generic.tests.Registration.RegistrationBase]  packages:] ]]>
              </value>
            </param>
          </params>
          <reporter-output>
          </reporter-output>
        </test-method> <!-- initialSetUp -->
        <test-method status="FAIL" signature="setUp(org.testng.xml.XmlTest)[pri:0, instance:com.generic.tests.Registration.RegistrationBase@6f1fba17]" name="setUp" is-config="true" duration-ms="0" started-at="2018-09-28T11:55:03Z" finished-at="2018-09-28T11:55:03Z">
          <params>
            <param index="0">
              <value>
                <![CDATA[[Test: "Registration Tests_ chrome" verbose:1[parameters:browserName=>chrome][metagroups:] [included: ][excluded: ]  classes:[XmlClass class=com.generic.tests.Registration.RegistrationBase]  packages:] ]]>
              </value>
            </param>
          </params>
          <exception class="java.lang.Exception">
            <message>
              <![CDATA[org.openqa.selenium.SessionNotCreatedException: session not created exception: Chrome version must be >= 66.0.3359.0
  (Driver info: chromedriver=2.40.565498 (ea082db3280dd6843ebfb08a625e3eb905c4f5ab),platform=Windows NT 10.0.16299 x86_64) (WARNING: The server did not provide any stacktrace information)
Command duration or timeout: 1.41 seconds
Build info: version: '3.12.0', revision: '7c6e0b3', time: '2018-05-08T15:15:03.216Z'
System info: host: 'DESKTOP-C7HUJTL', ip: '192.168.32.1', os.name: 'Windows 10', os.arch: 'amd64', os.version: '10.0', java.version: '1.8.0_102'
Driver info: driver.version: ChromeDriver]]>
            </message>
            <full-stacktrace>
              <![CDATA[java.lang.Exception: org.openqa.selenium.SessionNotCreatedException: session not created exception: Chrome version must be >= 66.0.3359.0
  (Driver info: chromedriver=2.40.565498 (ea082db3280dd6843ebfb08a625e3eb905c4f5ab),platform=Windows NT 10.0.16299 x86_64) (WARNING: The server did not provide any stacktrace information)
Command duration or timeout: 1.41 seconds
Build info: version: '3.12.0', revision: '7c6e0b3', time: '2018-05-08T15:15:03.216Z'
System info: host: 'DESKTOP-C7HUJTL', ip: '192.168.32.1', os.name: 'Windows 10', os.arch: 'amd64', os.version: '10.0', java.version: '1.8.0_102'
Driver info: driver.version: ChromeDriver
	at com.generic.setup.Common.initializeBrowser(Common.java:169)
	at com.generic.setup.SelTestCase.setUp(SelTestCase.java:314)
	at sun.reflect.NativeMethodAccessorImpl.invoke0(Native Method)
	at sun.reflect.NativeMethodAccessorImpl.invoke(NativeMethodAccessorImpl.java:62)
	at sun.reflect.DelegatingMethodAccessorImpl.invoke(DelegatingMethodAccessorImpl.java:43)
	at java.lang.reflect.Method.invoke(Method.java:498)
	at org.testng.internal.MethodInvocationHelper.invokeMethod(MethodInvocationHelper.java:100)
	at org.testng.internal.Invoker.invokeConfigurationMethod(Invoker.java:515)
	at org.testng.internal.Invoker.invokeConfigurations(Invoker.java:216)
	at org.testng.internal.Invoker.invokeMethod(Invoker.java:590)
	at org.testng.internal.Invoker.invokeTestMethod(Invoker.java:811)
	at org.testng.internal.TestMethodWithDataProviderMethodWorker.call(TestMethodWithDataProviderMethodWorker.java:75)
	at org.testng.internal.TestMethodWithDataProviderMethodWorker.call(TestMethodWithDataProviderMethodWorker.java:14)
	at java.util.concurrent.FutureTask.run(FutureTask.java:266)
	at java.util.concurrent.Executors$RunnableAdapter.call(Executors.java:511)
	at java.util.concurrent.FutureTask.run(FutureTask.java:266)
	at java.util.concurrent.ThreadPoolExecutor.runWorker(ThreadPoolExecutor.java:1142)
	at java.util.concurrent.ThreadPoolExecutor$Worker.run(ThreadPoolExecutor.java:617)
	at java.lang.Thread.run(Thread.java:745)
Caused by: org.openqa.selenium.SessionNotCreatedException: session not created exception: Chrome version must be >= 66.0.3359.0
  (Driver info: chromedriver=2.40.565498 (ea082db3280dd6843ebfb08a625e3eb905c4f5ab),platform=Windows NT 10.0.16299 x86_64) (WARNING: The server did not provide any stacktrace information)
Command duration or timeout: 1.41 seconds
Build info: version: '3.12.0', revision: '7c6e0b3', time: '2018-05-08T15:15:03.216Z'
System info: host: 'DESKTOP-C7HUJTL', ip: '192.168.32.1', os.name: 'Windows 10', os.arch: 'amd64', os.version: '10.0', java.version: '1.8.0_102'
Driver info: driver.version: ChromeDriver
	at sun.reflect.NativeConstructorAccessorImpl.newInstance0(Native Method)
	at sun.reflect.NativeConstructorAccessorImpl.newInstance(NativeConstructorAccessorImpl.java:62)
	at sun.reflect.DelegatingConstructorAccessorImpl.newInstance(DelegatingConstructorAccessorImpl.java:45)
	at java.lang.reflect.Constructor.newInstance(Constructor.java:423)
	at org.openqa.selenium.remote.ErrorHandler.createThrowable(ErrorHandler.java:214)
	at org.openqa.selenium.remote.ErrorHandler.throwIfResponseFailed(ErrorHandler.java:166)
	at org.openqa.selenium.remote.JsonWireProtocolResponse.lambda$new$0(JsonWireProtocolResponse.java:53)
	at org.openqa.selenium.remote.JsonWireProtocolResponse.lambda$getResponseFunction$2(JsonWireProtocolResponse.java:91)
	at org.openqa.selenium.remote.ProtocolHandshake.lambda$createSession$0(ProtocolHandshake.java:123)
	at java.util.stream.ReferencePipeline$3$1.accept(ReferencePipeline.java:193)
	at java.util.Spliterators$ArraySpliterator.tryAdvance(Spliterators.java:958)
	at java.util.stream.ReferencePipeline.forEachWithCancel(ReferencePipeline.java:126)
	at java.util.stream.AbstractPipeline.copyIntoWithCancel(AbstractPipeline.java:498)
	at java.util.stream.AbstractPipeline.copyInto(AbstractPipeline.java:485)
	at java.util.stream.AbstractPipeline.wrapAndCopyInto(AbstractPipeline.java:471)
	at java.util.stream.FindOps$FindOp.evaluateSequential(FindOps.java:152)
	at java.util.stream.AbstractPipeline.evaluate(AbstractPipeline.java:234)
	at java.util.stream.ReferencePipeline.findFirst(ReferencePipeline.java:464)
	at org.openqa.selenium.remote.ProtocolHandshake.createSession(ProtocolHandshake.java:126)
	at org.openqa.selenium.remote.ProtocolHandshake.createSession(ProtocolHandshake.java:73)
	at org.openqa.selenium.remote.HttpCommandExecutor.execute(HttpCommandExecutor.java:136)
	at org.openqa.selenium.remote.service.DriverCommandExecutor.execute(DriverCommandExecutor.java:83)
	at org.openqa.selenium.remote.RemoteWebDriver.execute(RemoteWebDriver.java:543)
	at org.openqa.selenium.remote.RemoteWebDriver.startSession(RemoteWebDriver.java:207)
	at org.openqa.selenium.remote.RemoteWebDriver.<init>(RemoteWebDriver.java:130)
	at org.openqa.selenium.chrome.ChromeDriver.<init>(ChromeDriver.java:181)
	at org.openqa.selenium.chrome.ChromeDriver.<init>(ChromeDriver.java:168)
	at org.openqa.selenium.chrome.ChromeDriver.<init>(ChromeDriver.java:157)
	at com.generic.setup.Common.initializeBrowser(Common.java:81)
	... 18 more
]]>
            </full-stacktrace>
          </exception> <!-- java.lang.Exception -->
          <reporter-output>
          </reporter-output>
        </test-method> <!-- setUp -->
        <test-method status="FAIL" signature="setUp(org.testng.xml.XmlTest)[pri:0, instance:com.generic.tests.Registration.RegistrationBase@6f1fba17]" name="setUp" is-config="true" duration-ms="0" started-at="2018-09-28T11:55:03Z" finished-at="2018-09-28T11:55:03Z">
          <params>
            <param index="0">
              <value>
                <![CDATA[[Test: "Registration Tests_ chrome" verbose:1[parameters:browserName=>chrome][metagroups:] [included: ][excluded: ]  classes:[XmlClass class=com.generic.tests.Registration.RegistrationBase]  packages:] ]]>
              </value>
            </param>
          </params>
          <exception class="java.lang.Exception">
            <message>
              <![CDATA[org.openqa.selenium.SessionNotCreatedException: session not created exception: Chrome version must be >= 66.0.3359.0
  (Driver info: chromedriver=2.40.565498 (ea082db3280dd6843ebfb08a625e3eb905c4f5ab),platform=Windows NT 10.0.16299 x86_64) (WARNING: The server did not provide any stacktrace information)
Command duration or timeout: 1.10 seconds
Build info: version: '3.12.0', revision: '7c6e0b3', time: '2018-05-08T15:15:03.216Z'
System info: host: 'DESKTOP-C7HUJTL', ip: '192.168.32.1', os.name: 'Windows 10', os.arch: 'amd64', os.version: '10.0', java.version: '1.8.0_102'
Driver info: driver.version: ChromeDriver]]>
            </message>
            <full-stacktrace>
              <![CDATA[java.lang.Exception: org.openqa.selenium.SessionNotCreatedException: session not created exception: Chrome version must be >= 66.0.3359.0
  (Driver info: chromedriver=2.40.565498 (ea082db3280dd6843ebfb08a625e3eb905c4f5ab),platform=Windows NT 10.0.16299 x86_64) (WARNING: The server did not provide any stacktrace information)
Command duration or timeout: 1.10 seconds
Build info: version: '3.12.0', revision: '7c6e0b3', time: '2018-05-08T15:15:03.216Z'
System info: host: 'DESKTOP-C7HUJTL', ip: '192.168.32.1', os.name: 'Windows 10', os.arch: 'amd64', os.version: '10.0', java.version: '1.8.0_102'
Driver info: driver.version: ChromeDriver
	at com.generic.setup.Common.initializeBrowser(Common.java:169)
	at com.generic.setup.SelTestCase.setUp(SelTestCase.java:314)
	at sun.reflect.NativeMethodAccessorImpl.invoke0(Native Method)
	at sun.reflect.NativeMethodAccessorImpl.invoke(NativeMethodAccessorImpl.java:62)
	at sun.reflect.DelegatingMethodAccessorImpl.invoke(DelegatingMethodAccessorImpl.java:43)
	at java.lang.reflect.Method.invoke(Method.java:498)
	at org.testng.internal.MethodInvocationHelper.invokeMethod(MethodInvocationHelper.java:100)
	at org.testng.internal.Invoker.invokeConfigurationMethod(Invoker.java:515)
	at org.testng.internal.Invoker.invokeConfigurations(Invoker.java:216)
	at org.testng.internal.Invoker.invokeMethod(Invoker.java:590)
	at org.testng.internal.Invoker.invokeTestMethod(Invoker.java:811)
	at org.testng.internal.TestMethodWithDataProviderMethodWorker.call(TestMethodWithDataProviderMethodWorker.java:75)
	at org.testng.internal.TestMethodWithDataProviderMethodWorker.call(TestMethodWithDataProviderMethodWorker.java:14)
	at java.util.concurrent.FutureTask.run(FutureTask.java:266)
	at java.util.concurrent.Executors$RunnableAdapter.call(Executors.java:511)
	at java.util.concurrent.FutureTask.run(FutureTask.java:266)
	at java.util.concurrent.ThreadPoolExecutor.runWorker(ThreadPoolExecutor.java:1142)
	at java.util.concurrent.ThreadPoolExecutor$Worker.run(ThreadPoolExecutor.java:617)
	at java.lang.Thread.run(Thread.java:745)
Caused by: org.openqa.selenium.SessionNotCreatedException: session not created exception: Chrome version must be >= 66.0.3359.0
  (Driver info: chromedriver=2.40.565498 (ea082db3280dd6843ebfb08a625e3eb905c4f5ab),platform=Windows NT 10.0.16299 x86_64) (WARNING: The server did not provide any stacktrace information)
Command duration or timeout: 1.10 seconds
Build info: version: '3.12.0', revision: '7c6e0b3', time: '2018-05-08T15:15:03.216Z'
System info: host: 'DESKTOP-C7HUJTL', ip: '192.168.32.1', os.name: 'Windows 10', os.arch: 'amd64', os.version: '10.0', java.version: '1.8.0_102'
Driver info: driver.version: ChromeDriver
	at sun.reflect.NativeConstructorAccessorImpl.newInstance0(Native Method)
	at sun.reflect.NativeConstructorAccessorImpl.newInstance(NativeConstructorAccessorImpl.java:62)
	at sun.reflect.DelegatingConstructorAccessorImpl.newInstance(DelegatingConstructorAccessorImpl.java:45)
	at java.lang.reflect.Constructor.newInstance(Constructor.java:423)
	at org.openqa.selenium.remote.ErrorHandler.createThrowable(ErrorHandler.java:214)
	at org.openqa.selenium.remote.ErrorHandler.throwIfResponseFailed(ErrorHandler.java:166)
	at org.openqa.selenium.remote.JsonWireProtocolResponse.lambda$new$0(JsonWireProtocolResponse.java:53)
	at org.openqa.selenium.remote.JsonWireProtocolResponse.lambda$getResponseFunction$2(JsonWireProtocolResponse.java:91)
	at org.openqa.selenium.remote.ProtocolHandshake.lambda$createSession$0(ProtocolHandshake.java:123)
	at java.util.stream.ReferencePipeline$3$1.accept(ReferencePipeline.java:193)
	at java.util.Spliterators$ArraySpliterator.tryAdvance(Spliterators.java:958)
	at java.util.stream.ReferencePipeline.forEachWithCancel(ReferencePipeline.java:126)
	at java.util.stream.AbstractPipeline.copyIntoWithCancel(AbstractPipeline.java:498)
	at java.util.stream.AbstractPipeline.copyInto(AbstractPipeline.java:485)
	at java.util.stream.AbstractPipeline.wrapAndCopyInto(AbstractPipeline.java:471)
	at java.util.stream.FindOps$FindOp.evaluateSequential(FindOps.java:152)
	at java.util.stream.AbstractPipeline.evaluate(AbstractPipeline.java:234)
	at java.util.stream.ReferencePipeline.findFirst(ReferencePipeline.java:464)
	at org.openqa.selenium.remote.ProtocolHandshake.createSession(ProtocolHandshake.java:126)
	at org.openqa.selenium.remote.ProtocolHandshake.createSession(ProtocolHandshake.java:73)
	at org.openqa.selenium.remote.HttpCommandExecutor.execute(HttpCommandExecutor.java:136)
	at org.openqa.selenium.remote.service.DriverCommandExecutor.execute(DriverCommandExecutor.java:83)
	at org.openqa.selenium.remote.RemoteWebDriver.execute(RemoteWebDriver.java:543)
	at org.openqa.selenium.remote.RemoteWebDriver.startSession(RemoteWebDriver.java:207)
	at org.openqa.selenium.remote.RemoteWebDriver.<init>(RemoteWebDriver.java:130)
	at org.openqa.selenium.chrome.ChromeDriver.<init>(ChromeDriver.java:181)
	at org.openqa.selenium.chrome.ChromeDriver.<init>(ChromeDriver.java:168)
	at org.openqa.selenium.chrome.ChromeDriver.<init>(ChromeDriver.java:157)
	at com.generic.setup.Common.initializeBrowser(Common.java:81)
	... 18 more
]]>
            </full-stacktrace>
          </exception> <!-- java.lang.Exception -->
          <reporter-output>
          </reporter-output>
        </test-method> <!-- setUp -->
        <test-method status="SKIP" signature="registrationRegressionTest(java.lang.String, java.lang.String, java.lang.String, java.lang.String, java.lang.String)[pri:0, instance:com.generic.tests.Registration.RegistrationBase@6f1fba17]" name="registrationRegressionTest" duration-ms="3" started-at="2018-09-28T11:55:05Z" data-provider="Registration" finished-at="2018-09-28T11:55:05Z">
          <params>
            <param index="0">
              <value>
                <![CDATA[REG-01]]>
              </value>
            </param>
            <param index="1">
              <value>
                <![CDATA[X]]>
              </value>
            </param>
            <param index="2">
              <value>
                <![CDATA[Registering with valid information]]>
              </value>
            </param>
            <param index="3">
              <value>
                <![CDATA[freshUser]]>
              </value>
            </param>
            <param index="4">
              <value>
                <![CDATA[ThankyouValidation:User registered with success.]]>
              </value>
            </param>
          </params>
          <reporter-output>
          </reporter-output>
        </test-method> <!-- registrationRegressionTest -->
        <test-method status="SKIP" signature="tearDown()[pri:0, instance:com.generic.tests.Registration.RegistrationBase@6f1fba17]" name="tearDown" is-config="true" duration-ms="0" started-at="2018-09-28T11:55:05Z" finished-at="2018-09-28T11:55:05Z">
          <reporter-output>
          </reporter-output>
        </test-method> <!-- tearDown -->
        <test-method status="SKIP" signature="setUp(org.testng.xml.XmlTest)[pri:0, instance:com.generic.tests.Registration.RegistrationBase@6f1fba17]" name="setUp" is-config="true" duration-ms="0" started-at="2018-09-28T11:55:05Z" finished-at="2018-09-28T11:55:05Z">
          <reporter-output>
          </reporter-output>
        </test-method> <!-- setUp -->
        <test-method status="SKIP" signature="registrationRegressionTest(java.lang.String, java.lang.String, java.lang.String, java.lang.String, java.lang.String)[pri:0, instance:com.generic.tests.Registration.RegistrationBase@6f1fba17]" name="registrationRegressionTest" duration-ms="3" started-at="2018-09-28T11:55:05Z" data-provider="Registration" finished-at="2018-09-28T11:55:05Z">
          <params>
            <param index="0">
              <value>
                <![CDATA[REG-03]]>
              </value>
            </param>
            <param index="1">
              <value>
                <![CDATA[X]]>
              </value>
            </param>
            <param index="2">
              <value>
                <![CDATA[Try to register with existing account.]]>
              </value>
            </param>
            <param index="3">
              <value>
                <![CDATA[existingUser]]>
              </value>
            </param>
            <param index="4">
              <value>
                <![CDATA[EmailValidation:Account already exists.]]>
              </value>
            </param>
          </params>
          <reporter-output>
          </reporter-output>
        </test-method> <!-- registrationRegressionTest -->
        <test-method status="SKIP" signature="tearDown()[pri:0, instance:com.generic.tests.Registration.RegistrationBase@6f1fba17]" name="tearDown" is-config="true" duration-ms="0" started-at="2018-09-28T11:55:05Z" finished-at="2018-09-28T11:55:05Z">
          <reporter-output>
          </reporter-output>
        </test-method> <!-- tearDown -->
        <test-method status="SKIP" signature="setUp(org.testng.xml.XmlTest)[pri:0, instance:com.generic.tests.Registration.RegistrationBase@6f1fba17]" name="setUp" is-config="true" duration-ms="0" started-at="2018-09-28T11:55:05Z" finished-at="2018-09-28T11:55:05Z">
          <reporter-output>
          </reporter-output>
        </test-method> <!-- setUp -->
        <test-method status="SKIP" signature="registrationRegressionTest(java.lang.String, java.lang.String, java.lang.String, java.lang.String, java.lang.String)[pri:0, instance:com.generic.tests.Registration.RegistrationBase@6f1fba17]" name="registrationRegressionTest" duration-ms="3" started-at="2018-09-28T11:55:05Z" data-provider="Registration" finished-at="2018-09-28T11:55:05Z">
          <params>
            <param index="0">
              <value>
                <![CDATA[REG-04]]>
              </value>
            </param>
            <param index="1">
              <value>
                <![CDATA[X]]>
              </value>
            </param>
            <param index="2">
              <value>
                <![CDATA[Enter no data to validate the error messages]]>
              </value>
            </param>
            <param index="3">
              <value>
                <![CDATA[emptyData]]>
              </value>
            </param>
            <param index="4">
              <value>
                <![CDATA[countryValidation:Please fill all mandatory fields.
titleValidation:Please fill all mandatory fields.
nameValidation:Please fill all mandatory fields.
companyNameValidation:Please fill all mandatory fields.
addressLine1Validation:Please fill all mandatory fields.
cityValidation:Please fill all mandatory fields.
postalCodeValidation:Please fill all mandatory fields.
positionValidation:Please fill all mandatory fields.
phoneValidation:Please fill all mandatory fields.
EmailValidation:Please fill all mandatory fields.]]>
              </value>
            </param>
          </params>
          <reporter-output>
          </reporter-output>
        </test-method> <!-- registrationRegressionTest -->
        <test-method status="SKIP" signature="tearDown()[pri:0, instance:com.generic.tests.Registration.RegistrationBase@6f1fba17]" name="tearDown" is-config="true" duration-ms="0" started-at="2018-09-28T11:55:05Z" finished-at="2018-09-28T11:55:05Z">
          <reporter-output>
          </reporter-output>
        </test-method> <!-- tearDown -->
        <test-method status="SKIP" signature="setUp(org.testng.xml.XmlTest)[pri:0, instance:com.generic.tests.Registration.RegistrationBase@6f1fba17]" name="setUp" is-config="true" duration-ms="0" started-at="2018-09-28T11:55:05Z" finished-at="2018-09-28T11:55:05Z">
          <reporter-output>
          </reporter-output>
        </test-method> <!-- setUp -->
        <test-method status="SKIP" signature="registrationRegressionTest(java.lang.String, java.lang.String, java.lang.String, java.lang.String, java.lang.String)[pri:0, instance:com.generic.tests.Registration.RegistrationBase@6f1fba17]" name="registrationRegressionTest" duration-ms="8" started-at="2018-09-28T11:55:05Z" data-provider="Registration" finished-at="2018-09-28T11:55:05Z">
          <params>
            <param index="0">
              <value>
                <![CDATA[REG-05]]>
              </value>
            </param>
            <param index="1">
              <value>
                <![CDATA[X]]>
              </value>
            </param>
            <param index="2">
              <value>
                <![CDATA[Try to register with invalid email format.]]>
              </value>
            </param>
            <param index="3">
              <value>
                <![CDATA[invalidUserID]]>
              </value>
            </param>
            <param index="4">
              <value>
                <![CDATA[EmailValidation:Please enter a valid email.]]>
              </value>
            </param>
          </params>
          <reporter-output>
          </reporter-output>
        </test-method> <!-- registrationRegressionTest -->
        <test-method status="SKIP" signature="tearDown()[pri:0, instance:com.generic.tests.Registration.RegistrationBase@6f1fba17]" name="tearDown" is-config="true" duration-ms="0" started-at="2018-09-28T11:55:05Z" finished-at="2018-09-28T11:55:05Z">
          <reporter-output>
          </reporter-output>
        </test-method> <!-- tearDown -->
        <test-method status="SKIP" signature="registrationRegressionTest(java.lang.String, java.lang.String, java.lang.String, java.lang.String, java.lang.String)[pri:0, instance:com.generic.tests.Registration.RegistrationBase@6f1fba17]" name="registrationRegressionTest" duration-ms="1" started-at="2018-09-28T11:55:05Z" data-provider="Registration" finished-at="2018-09-28T11:55:05Z">
          <params>
            <param index="0">
              <value>
                <![CDATA[REG-02]]>
              </value>
            </param>
            <param index="1">
              <value>
                <![CDATA[X]]>
              </value>
            </param>
            <param index="2">
              <value>
                <![CDATA[Registering with valid information NON US user]]>
              </value>
            </param>
            <param index="3">
              <value>
                <![CDATA[New NON US user]]>
              </value>
            </param>
            <param index="4">
              <value>
                <![CDATA[ThankyouValidation:User registered with success.]]>
              </value>
            </param>
          </params>
          <reporter-output>
          </reporter-output>
        </test-method> <!-- registrationRegressionTest -->
        <test-method status="SKIP" signature="tearDown()[pri:0, instance:com.generic.tests.Registration.RegistrationBase@6f1fba17]" name="tearDown" is-config="true" duration-ms="0" started-at="2018-09-28T11:55:05Z" finished-at="2018-09-28T11:55:05Z">
          <reporter-output>
          </reporter-output>
        </test-method> <!-- tearDown -->
        <test-method status="SKIP" signature="reportMaker()[pri:0, instance:com.generic.tests.Registration.RegistrationBase@6f1fba17]" name="reportMaker" is-config="true" duration-ms="0" started-at="2018-09-28T11:55:06Z" finished-at="2018-09-28T11:55:06Z">
          <reporter-output>
          </reporter-output>
        </test-method> <!-- reportMaker -->
      </class> <!-- com.generic.tests.Registration.RegistrationBase -->
    </test> <!-- Registration Tests_ chrome -->
  </suite> <!-- Registration Regression -->
</testng-results>
